<?xml version="1.0" encoding="UTF-8"?>
<!-- Generated by org.testng.reporters.JUnitXMLReporter -->
<testsuite ignored="0" hostname="The-Surfer" failures="0" tests="5" name="Default test" time="17.311" errors="0" timestamp="2023-01-25T11:53:32 IST">
  <testcase classname="org.max.AppiumCalc" name="firstValue" time="1.579"/>
  <testcase classname="org.max.AppiumCalc" name="action" time="1.421"/>
  <testcase classname="org.max.AppiumCalc" name="secondValue" time="1.418"/>
  <testcase classname="org.max.AppiumCalc" name="equals" time="0.15"/>
  <testcase classname="org.max.AppiumCalc" name="screenShot" time="0.512"/>
</testsuite> <!-- Default test -->
