<?xml version="1.0" encoding="UTF-8"?>
<testng-results ignored="0" total="5" passed="5" failed="0" skipped="0">
  <reporter-output>
  </reporter-output>
  <suite started-at="2023-01-25T11:53:14 IST" name="Default suite" finished-at="2023-01-25T11:53:32 IST" duration-ms="17311">
    <groups>
    </groups>
    <test started-at="2023-01-25T11:53:14 IST" name="Default test" finished-at="2023-01-25T11:53:32 IST" duration-ms="17311">
      <class name="org.max.AppiumCalc">
        <test-method is-config="true" signature="calc()[pri:0, instance:org.max.AppiumCalc@7526515b]" started-at="2023-01-25T11:53:14 IST" name="calc" finished-at="2023-01-25T11:53:26 IST" duration-ms="11348" status="PASS">
          <reporter-output>
          </reporter-output>
        </test-method> <!-- calc -->
        <test-method is-config="true" signature="startTime()[pri:0, instance:org.max.AppiumCalc@7526515b]" started-at="2023-01-25T11:53:26 IST" name="startTime" finished-at="2023-01-25T11:53:26 IST" duration-ms="10" status="PASS">
          <reporter-output>
          </reporter-output>
        </test-method> <!-- startTime -->
        <test-method signature="firstValue()[pri:1, instance:org.max.AppiumCalc@7526515b]" started-at="2023-01-25T11:53:26 IST" name="firstValue" finished-at="2023-01-25T11:53:27 IST" duration-ms="1579" status="PASS">
          <reporter-output>
          </reporter-output>
        </test-method> <!-- firstValue -->
        <test-method is-config="true" signature="closeTime()[pri:0, instance:org.max.AppiumCalc@7526515b]" started-at="2023-01-25T11:53:27 IST" name="closeTime" finished-at="2023-01-25T11:53:27 IST" duration-ms="1" status="PASS">
          <reporter-output>
          </reporter-output>
        </test-method> <!-- closeTime -->
        <test-method is-config="true" signature="startTime()[pri:0, instance:org.max.AppiumCalc@7526515b]" started-at="2023-01-25T11:53:27 IST" name="startTime" finished-at="2023-01-25T11:53:27 IST" duration-ms="1" status="PASS">
          <reporter-output>
          </reporter-output>
        </test-method> <!-- startTime -->
        <test-method signature="action()[pri:2, instance:org.max.AppiumCalc@7526515b]" started-at="2023-01-25T11:53:27 IST" name="action" finished-at="2023-01-25T11:53:29 IST" duration-ms="1421" status="PASS">
          <reporter-output>
          </reporter-output>
        </test-method> <!-- action -->
        <test-method is-config="true" signature="closeTime()[pri:0, instance:org.max.AppiumCalc@7526515b]" started-at="2023-01-25T11:53:29 IST" name="closeTime" finished-at="2023-01-25T11:53:29 IST" duration-ms="1" status="PASS">
          <reporter-output>
          </reporter-output>
        </test-method> <!-- closeTime -->
        <test-method is-config="true" signature="startTime()[pri:0, instance:org.max.AppiumCalc@7526515b]" started-at="2023-01-25T11:53:29 IST" name="startTime" finished-at="2023-01-25T11:53:29 IST" duration-ms="1" status="PASS">
          <reporter-output>
          </reporter-output>
        </test-method> <!-- startTime -->
        <test-method signature="secondValue()[pri:3, instance:org.max.AppiumCalc@7526515b]" started-at="2023-01-25T11:53:29 IST" name="secondValue" finished-at="2023-01-25T11:53:30 IST" duration-ms="1418" status="PASS">
          <reporter-output>
          </reporter-output>
        </test-method> <!-- secondValue -->
        <test-method is-config="true" signature="closeTime()[pri:0, instance:org.max.AppiumCalc@7526515b]" started-at="2023-01-25T11:53:30 IST" name="closeTime" finished-at="2023-01-25T11:53:30 IST" duration-ms="1" status="PASS">
          <reporter-output>
          </reporter-output>
        </test-method> <!-- closeTime -->
        <test-method is-config="true" signature="startTime()[pri:0, instance:org.max.AppiumCalc@7526515b]" started-at="2023-01-25T11:53:30 IST" name="startTime" finished-at="2023-01-25T11:53:30 IST" duration-ms="1" status="PASS">
          <reporter-output>
          </reporter-output>
        </test-method> <!-- startTime -->
        <test-method signature="equals()[pri:4, instance:org.max.AppiumCalc@7526515b]" started-at="2023-01-25T11:53:30 IST" name="equals" finished-at="2023-01-25T11:53:30 IST" duration-ms="150" status="PASS">
          <reporter-output>
          </reporter-output>
        </test-method> <!-- equals -->
        <test-method is-config="true" signature="closeTime()[pri:0, instance:org.max.AppiumCalc@7526515b]" started-at="2023-01-25T11:53:30 IST" name="closeTime" finished-at="2023-01-25T11:53:30 IST" duration-ms="0" status="PASS">
          <reporter-output>
          </reporter-output>
        </test-method> <!-- closeTime -->
        <test-method is-config="true" signature="startTime()[pri:0, instance:org.max.AppiumCalc@7526515b]" started-at="2023-01-25T11:53:30 IST" name="startTime" finished-at="2023-01-25T11:53:30 IST" duration-ms="1" status="PASS">
          <reporter-output>
          </reporter-output>
        </test-method> <!-- startTime -->
        <test-method signature="screenShot()[pri:5, instance:org.max.AppiumCalc@7526515b]" started-at="2023-01-25T11:53:30 IST" name="screenShot" finished-at="2023-01-25T11:53:31 IST" duration-ms="512" status="PASS">
          <reporter-output>
          </reporter-output>
        </test-method> <!-- screenShot -->
        <test-method is-config="true" signature="closeTime()[pri:0, instance:org.max.AppiumCalc@7526515b]" started-at="2023-01-25T11:53:31 IST" name="closeTime" finished-at="2023-01-25T11:53:31 IST" duration-ms="0" status="PASS">
          <reporter-output>
          </reporter-output>
        </test-method> <!-- closeTime -->
        <test-method is-config="true" signature="closeWindow()[pri:0, instance:org.max.AppiumCalc@7526515b]" started-at="2023-01-25T11:53:31 IST" name="closeWindow" finished-at="2023-01-25T11:53:32 IST" duration-ms="797" status="PASS">
          <reporter-output>
          </reporter-output>
        </test-method> <!-- closeWindow -->
      </class> <!-- org.max.AppiumCalc -->
    </test> <!-- Default test -->
  </suite> <!-- Default suite -->
</testng-results>
